<?xml version="1.0" encoding="UTF-8"?>
<!-- Generated by org.testng.reporters.JUnitReportReporter -->
<testsuite skipped="0" hostname="icy" name="com.inetbanking.testcases.flipkarttest" tests="1" failures="0" timestamp="21 Jan 2021 17:25:26 GMT" time="23.120" errors="0">
  <testcase name="flipkart" time="23.120" classname="com.inetbanking.testcases.flipkarttest"/>
</testsuite> <!-- com.inetbanking.testcases.flipkarttest -->
