<?xml version="1.0" encoding="UTF-8"?>
<!-- Generated by org.testng.reporters.JUnitReportReporter -->
<testsuite skipped="0" hostname="icy" name="flipkarttest.flipkarttest" tests="1" failures="0" timestamp="01 Oct 2020 10:43:55 GMT" time="26.286" errors="0">
  <testcase name="flipkart" time="26.286" classname="flipkarttest.flipkarttest"/>
</testsuite> <!-- flipkarttest.flipkarttest -->
