<?xml version="1.0" encoding="UTF-8"?>
<!-- Generated by org.testng.reporters.JUnitReportReporter -->
<testsuite skipped="0" hostname="icy" name="com.inetbanking.testcases.TC_Customerdetails_003" tests="1" failures="0" timestamp="19 Aug 2020 07:36:00 GMT" time="13.671" errors="0">
  <testcase name="custdetails" time="13.671" classname="com.inetbanking.testcases.TC_Customerdetails_003"/>
</testsuite> <!-- com.inetbanking.testcases.TC_Customerdetails_003 -->
