<?xml version="1.0" encoding="UTF-8"?>
<!-- Generated by org.testng.reporters.JUnitReportReporter -->
<testsuite skipped="0" hostname="icy" name="com.javaproject.FIndelements" tests="1" failures="0" timestamp="2021-05-04T10:37:38 IST" time="38.183" errors="0">
  <testcase name="findelements" time="38.183" classname="com.javaproject.FIndelements"/>
</testsuite> <!-- com.javaproject.FIndelements -->
