<?xml version="1.0" encoding="UTF-8"?>
<!-- Generated by org.testng.reporters.JUnitReportReporter -->
<testsuite skipped="0" hostname="icy" name="com.inetbanking.testcases.flipkarttest" tests="1" failures="0" timestamp="01 Oct 2020 11:30:20 GMT" time="44.205" errors="0">
  <testcase name="flipkart" time="44.205" classname="com.inetbanking.testcases.flipkarttest"/>
</testsuite> <!-- com.inetbanking.testcases.flipkarttest -->
