<?xml version="1.0" encoding="UTF-8"?>
<!-- Generated by org.testng.reporters.JUnitReportReporter -->
<testsuite skipped="0" hostname="icy" name="com.inetbanking.testcases.TC_Logintest_001" tests="1" failures="0" timestamp="14 Oct 2020 16:03:58 GMT" time="6.936" errors="0">
  <testcase name="logintest" time="6.936" classname="com.inetbanking.testcases.TC_Logintest_001"/>
</testsuite> <!-- com.inetbanking.testcases.TC_Logintest_001 -->
