<?xml version="1.0" encoding="UTF-8"?>
<!-- Generated by org.testng.reporters.JUnitReportReporter -->
<testsuite skipped="0" hostname="icy" name="com.inetbanking.testcases.noclickable" tests="1" failures="0" timestamp="09 Aug 2020 15:45:35 GMT" time="0.016" errors="0">
  <testcase name="compiledemo" time="0.016" classname="com.inetbanking.testcases.noclickable"/>
</testsuite> <!-- com.inetbanking.testcases.noclickable -->
