<?xml version="1.0" encoding="UTF-8"?>
<!-- Generated by org.testng.reporters.JUnitReportReporter -->
<testsuite skipped="0" hostname="icy" name="com.inetbanking.testcases.TC_Logintest_001" tests="1" failures="0" timestamp="10 Jun 2020 18:49:17 GMT" time="2.727" errors="0">
  <testcase name="logintest" time="2.727" classname="com.inetbanking.testcases.TC_Logintest_001"/>
</testsuite> <!-- com.inetbanking.testcases.TC_Logintest_001 -->
