<?xml version="1.0" encoding="UTF-8"?>
<!-- Generated by org.testng.reporters.JUnitReportReporter -->
<testsuite skipped="0" hostname="icy" name="flipkarttest.flipkarttest" tests="1" failures="0" timestamp="30 Sep 2020 19:11:07 GMT" time="27.333" errors="0">
  <testcase name="flipkart" time="27.333" classname="flipkarttest.flipkarttest"/>
</testsuite> <!-- flipkarttest.flipkarttest -->
